# JRE version: OpenJDK Runtime Environment (11.0.10) (build 11.0.10+0-b96-7249189)
# Java VM: OpenJDK 64-Bit Server VM (11.0.10+0-b96-7249189, mixed mode, tiered, compressed oops, g1 gc, windows-amd64)
Heap:
 garbage-first heap   total 131072K, used 87461K [0x0000000080000000, 0x0000000100000000)
  region size 1024K, 14 young (14336K), 1 survivors (1024K)
 Metaspace       used 87687K, capacity 89965K, committed 90108K, reserved 1128448K
  class space    used 11059K, capacity 11851K, committed 11904K, reserved 1048576K
GC Heap History (20 events):
Event: 125.619 GC heap before
{Heap before GC invocations=20 (full 0):
 garbage-first heap   total 131072K, used 104465K [0x0000000080000000, 0x0000000100000000)
  region size 1024K, 48 young (49152K), 7 survivors (7168K)
 Metaspace       used 80842K, capacity 82863K, committed 83068K, reserved 1122304K
  class space    used 10481K, capacity 11195K, committed 11264K, reserved 1048576K
}
Event: 125.721 GC heap after
{Heap after GC invocations=21 (full 0):
 garbage-first heap   total 131072K, used 76706K [0x0000000080000000, 0x0000000100000000)
  region size 1024K, 6 young (6144K), 6 survivors (6144K)
 Metaspace       used 80842K, capacity 82863K, committed 83068K, reserved 1122304K
  class space    used 10481K, capacity 11195K, committed 11264K, reserved 1048576K
}
Event: 126.536 GC heap before
{Heap before GC invocations=22 (full 0):
 garbage-first heap   total 131072K, used 106402K [0x0000000080000000, 0x0000000100000000)
  region size 1024K, 33 young (33792K), 6 survivors (6144K)
 Metaspace       used 80947K, capacity 83094K, committed 83324K, reserved 1122304K
  class space    used 10493K, capacity 11229K, committed 11264K, reserved 1048576K
}
Event: 126.550 GC heap after
{Heap after GC invocations=23 (full 0):
 garbage-first heap   total 131072K, used 79191K [0x0000000080000000, 0x0000000100000000)
  region size 1024K, 2 young (2048K), 2 survivors (2048K)
 Metaspace       used 80947K, capacity 83094K, committed 83324K, reserved 1122304K
  class space    used 10493K, capacity 11229K, committed 11264K, reserved 1048576K
}
Event: 126.978 GC heap before
{Heap before GC invocations=23 (full 0):
 garbage-first heap   total 131072K, used 91479K [0x0000000080000000, 0x0000000100000000)
  region size 1024K, 15 young (15360K), 2 survivors (2048K)
 Metaspace       used 80985K, capacity 83106K, committed 83324K, reserved 1122304K
  class space    used 10495K, capacity 11231K, committed 11264K, reserved 1048576K
}
Event: 126.994 GC heap after
{Heap after GC invocations=24 (full 0):
 garbage-first heap   total 131072K, used 83968K [0x0000000080000000, 0x0000000100000000)
  region size 1024K, 4 young (4096K), 4 survivors (4096K)
 Metaspace       used 80985K, capacity 83106K, committed 83324K, reserved 1122304K
  class space    used 10495K, capacity 11231K, committed 11264K, reserved 1048576K
}
Event: 128.597 GC heap before
{Heap before GC invocations=25 (full 0):
 garbage-first heap   total 131072K, used 118784K [0x0000000080000000, 0x0000000100000000)
  region size 1024K, 24 young (24576K), 4 survivors (4096K)
 Metaspace       used 83749K, capacity 85882K, committed 86140K, reserved 1124352K
  class space    used 10714K, capacity 11496K, committed 11520K, reserved 1048576K
}
Event: 128.609 GC heap after
{Heap after GC invocations=26 (full 0):
 garbage-first heap   total 131072K, used 85890K [0x0000000080000000, 0x0000000100000000)
  region size 1024K, 3 young (3072K), 3 survivors (3072K)
 Metaspace       used 83749K, capacity 85882K, committed 86140K, reserved 1124352K
  class space    used 10714K, capacity 11496K, committed 11520K, reserved 1048576K
}
Event: 129.865 GC heap before
{Heap before GC invocations=26 (full 0):
 garbage-first heap   total 131072K, used 104322K [0x0000000080000000, 0x0000000100000000)
  region size 1024K, 22 young (22528K), 3 survivors (3072K)
 Metaspace       used 84676K, capacity 86727K, committed 87036K, reserved 1124352K
  class space    used 10790K, capacity 11561K, committed 11648K, reserved 1048576K
}
Event: 129.893 GC heap after
{Heap after GC invocations=27 (full 0):
 garbage-first heap   total 131072K, used 88138K [0x0000000080000000, 0x0000000100000000)
  region size 1024K, 3 young (3072K), 3 survivors (3072K)
 Metaspace       used 84676K, capacity 86727K, committed 87036K, reserved 1124352K
  class space    used 10790K, capacity 11561K, committed 11648K, reserved 1048576K
}
Event: 130.525 GC heap before
{Heap before GC invocations=28 (full 0):
 garbage-first heap   total 131072K, used 101450K [0x0000000080000000, 0x0000000100000000)
  region size 1024K, 22 young (22528K), 3 survivors (3072K)
 Metaspace       used 86042K, capacity 88200K, committed 88444K, reserved 1126400K
  class space    used 10886K, capacity 11660K, committed 11776K, reserved 1048576K
}
Event: 130.535 GC heap after
{Heap after GC invocations=29 (full 0):
 garbage-first heap   total 131072K, used 85429K [0x0000000080000000, 0x0000000100000000)
  region size 1024K, 3 young (3072K), 3 survivors (3072K)
 Metaspace       used 86042K, capacity 88200K, committed 88444K, reserved 1126400K
  class space    used 10886K, capacity 11660K, committed 11776K, reserved 1048576K
}
Event: 130.615 GC heap before
{Heap before GC invocations=29 (full 0):
 garbage-first heap   total 131072K, used 88501K [0x0000000080000000, 0x0000000100000000)
  region size 1024K, 6 young (6144K), 3 survivors (3072K)
 Metaspace       used 86166K, capacity 88329K, committed 88700K, reserved 1126400K
  class space    used 10893K, capacity 11660K, committed 11776K, reserved 1048576K
}
Event: 130.626 GC heap after
{Heap after GC invocations=30 (full 0):
 garbage-first heap   total 131072K, used 75448K [0x0000000080000000, 0x0000000100000000)
  region size 1024K, 1 young (1024K), 1 survivors (1024K)
 Metaspace       used 86166K, capacity 88329K, committed 88700K, reserved 1126400K
  class space    used 10893K, capacity 11660K, committed 11776K, reserved 1048576K
}
Event: 133.293 GC heap before
{Heap before GC invocations=30 (full 0):
 garbage-first heap   total 131072K, used 100024K [0x0000000080000000, 0x0000000100000000)
  region size 1024K, 26 young (26624K), 1 survivors (1024K)
 Metaspace       used 86494K, capacity 88583K, committed 88700K, reserved 1126400K
  class space    used 10923K, capacity 11673K, committed 11776K, reserved 1048576K
}
Event: 133.302 GC heap after
{Heap after GC invocations=31 (full 0):
 garbage-first heap   total 131072K, used 77784K [0x0000000080000000, 0x0000000100000000)
  region size 1024K, 4 young (4096K), 4 survivors (4096K)
 Metaspace       used 86494K, capacity 88583K, committed 88700K, reserved 1126400K
  class space    used 10923K, capacity 11673K, committed 11776K, reserved 1048576K
}
Event: 135.771 GC heap before
{Heap before GC invocations=32 (full 0):
 garbage-first heap   total 131072K, used 102360K [0x0000000080000000, 0x0000000100000000)
  region size 1024K, 28 young (28672K), 4 survivors (4096K)
 Metaspace       used 87227K, capacity 89508K, committed 89852K, reserved 1128448K
  class space    used 10992K, capacity 11784K, committed 11904K, reserved 1048576K
}
Event: 135.789 GC heap after
{Heap after GC invocations=33 (full 0):
 garbage-first heap   total 131072K, used 79333K [0x0000000080000000, 0x0000000100000000)
  region size 1024K, 2 young (2048K), 2 survivors (2048K)
 Metaspace       used 87227K, capacity 89508K, committed 89852K, reserved 1128448K
  class space    used 10992K, capacity 11784K, committed 11904K, reserved 1048576K
}
Event: 135.965 GC heap before
{Heap before GC invocations=33 (full 0):
 garbage-first heap   total 131072K, used 83429K [0x0000000080000000, 0x0000000100000000)
  region size 1024K, 6 young (6144K), 2 survivors (2048K)
 Metaspace       used 87371K, capacity 89636K, committed 89852K, reserved 1128448K
  class space    used 11009K, capacity 11784K, committed 11904K, reserved 1048576K
}
Event: 135.971 GC heap after
{Heap after GC invocations=34 (full 0):
 garbage-first heap   total 131072K, used 76197K [0x0000000080000000, 0x0000000100000000)
  region size 1024K, 1 young (1024K), 1 survivors (1024K)
 Metaspace       used 87371K, capacity 89636K, committed 89852K, reserved 1128448K
  class space    used 11009K, capacity 11784K, committed 11904K, reserved 1048576K
}

