# JRE version: OpenJDK Runtime Environment Temurin-11.0.13+8 (11.0.13+8) (build 11.0.13+8)
# Java VM: OpenJDK 64-Bit Server VM Temurin-11.0.13+8 (11.0.13+8, mixed mode, tiered, compressed oops, parallel gc, windows-amd64)
Heap:
 PSYoungGen      total 33792K, used 18418K [0x00000000eab00000, 0x00000000eea00000, 0x0000000100000000)
  eden space 15360K, 0% used [0x00000000eab00000,0x00000000eab00000,0x00000000eba00000)
  from space 18432K, 99% used [0x00000000ebb80000,0x00000000ecd7c910,0x00000000ecd80000)
  to   space 24576K, 0% used [0x00000000ed200000,0x00000000ed200000,0x00000000eea00000)
 ParOldGen       total 369152K, used 367783K [0x00000000c0000000, 0x00000000d6880000, 0x00000000eab00000)
  object space 369152K, 99% used [0x00000000c0000000,0x00000000d6729d28,0x00000000d6880000)
 Metaspace       used 59767K, capacity 62773K, committed 62976K, reserved 1103872K
  class space    used 6772K, capacity 7825K, committed 7936K, reserved 1048576K
GC Heap History (20 events):
Event: 83.753 GC heap after
{Heap after GC invocations=112 (full 9):
 PSYoungGen      total 28672K, used 14332K [0x00000000eab00000, 0x00000000ede00000, 0x0000000100000000)
  eden space 14336K, 0% used [0x00000000eab00000,0x00000000eab00000,0x00000000eb900000)
  from space 14336K, 99% used [0x00000000eb980000,0x00000000ec77f320,0x00000000ec780000)
  to   space 18944K, 0% used [0x00000000ecb80000,0x00000000ecb80000,0x00000000ede00000)
 ParOldGen       total 309760K, used 292156K [0x00000000c0000000, 0x00000000d2e80000, 0x00000000eab00000)
  object space 309760K, 94% used [0x00000000c0000000,0x00000000d1d4f0f0,0x00000000d2e80000)
 Metaspace       used 55829K, capacity 58501K, committed 58752K, reserved 1099776K
  class space    used 6420K, capacity 7432K, committed 7552K, reserved 1048576K
}
Event: 85.033 GC heap before
{Heap before GC invocations=113 (full 9):
 PSYoungGen      total 28672K, used 28668K [0x00000000eab00000, 0x00000000ede00000, 0x0000000100000000)
  eden space 14336K, 99% used [0x00000000eab00000,0x00000000eb8fffb8,0x00000000eb900000)
  from space 14336K, 99% used [0x00000000eb980000,0x00000000ec77f320,0x00000000ec780000)
  to   space 18944K, 0% used [0x00000000ecb80000,0x00000000ecb80000,0x00000000ede00000)
 ParOldGen       total 309760K, used 292156K [0x00000000c0000000, 0x00000000d2e80000, 0x00000000eab00000)
  object space 309760K, 94% used [0x00000000c0000000,0x00000000d1d4f0f0,0x00000000d2e80000)
 Metaspace       used 55968K, capacity 58635K, committed 58752K, reserved 1099776K
  class space    used 6434K, capacity 7444K, committed 7552K, reserved 1048576K
}
Event: 85.047 GC heap after
{Heap after GC invocations=113 (full 9):
 PSYoungGen      total 31232K, used 15108K [0x00000000eab00000, 0x00000000eda80000, 0x0000000100000000)
  eden space 15872K, 0% used [0x00000000eab00000,0x00000000eab00000,0x00000000eba80000)
  from space 15360K, 98% used [0x00000000ecb80000,0x00000000eda41018,0x00000000eda80000)
  to   space 16384K, 0% used [0x00000000eba80000,0x00000000eba80000,0x00000000eca80000)
 ParOldGen       total 309760K, used 295103K [0x00000000c0000000, 0x00000000d2e80000, 0x00000000eab00000)
  object space 309760K, 95% used [0x00000000c0000000,0x00000000d202fc68,0x00000000d2e80000)
 Metaspace       used 55968K, capacity 58635K, committed 58752K, reserved 1099776K
  class space    used 6434K, capacity 7444K, committed 7552K, reserved 1048576K
}
Event: 85.585 GC heap before
{Heap before GC invocations=114 (full 9):
 PSYoungGen      total 31232K, used 30980K [0x00000000eab00000, 0x00000000eda80000, 0x0000000100000000)
  eden space 15872K, 100% used [0x00000000eab00000,0x00000000eba80000,0x00000000eba80000)
  from space 15360K, 98% used [0x00000000ecb80000,0x00000000eda41018,0x00000000eda80000)
  to   space 16384K, 0% used [0x00000000eba80000,0x00000000eba80000,0x00000000eca80000)
 ParOldGen       total 309760K, used 295103K [0x00000000c0000000, 0x00000000d2e80000, 0x00000000eab00000)
  object space 309760K, 95% used [0x00000000c0000000,0x00000000d202fc68,0x00000000d2e80000)
 Metaspace       used 56599K, capacity 59358K, committed 59520K, reserved 1101824K
  class space    used 6517K, capacity 7505K, committed 7552K, reserved 1048576K
}
Event: 85.629 GC heap after
{Heap after GC invocations=114 (full 9):
 PSYoungGen      total 32256K, used 16366K [0x00000000eab00000, 0x00000000edf00000, 0x0000000100000000)
  eden space 15872K, 0% used [0x00000000eab00000,0x00000000eab00000,0x00000000eba80000)
  from space 16384K, 99% used [0x00000000eba80000,0x00000000eca7bb30,0x00000000eca80000)
  to   space 17920K, 0% used [0x00000000ecd80000,0x00000000ecd80000,0x00000000edf00000)
 ParOldGen       total 309760K, used 296043K [0x00000000c0000000, 0x00000000d2e80000, 0x00000000eab00000)
  object space 309760K, 95% used [0x00000000c0000000,0x00000000d211aee8,0x00000000d2e80000)
 Metaspace       used 56599K, capacity 59358K, committed 59520K, reserved 1101824K
  class space    used 6517K, capacity 7505K, committed 7552K, reserved 1048576K
}
Event: 85.929 GC heap before
{Heap before GC invocations=115 (full 9):
 PSYoungGen      total 32256K, used 32238K [0x00000000eab00000, 0x00000000edf00000, 0x0000000100000000)
  eden space 15872K, 99% used [0x00000000eab00000,0x00000000eba7ffe8,0x00000000eba80000)
  from space 16384K, 99% used [0x00000000eba80000,0x00000000eca7bb30,0x00000000eca80000)
  to   space 17920K, 0% used [0x00000000ecd80000,0x00000000ecd80000,0x00000000edf00000)
 ParOldGen       total 309760K, used 296043K [0x00000000c0000000, 0x00000000d2e80000, 0x00000000eab00000)
  object space 309760K, 95% used [0x00000000c0000000,0x00000000d211aee8,0x00000000d2e80000)
 Metaspace       used 56908K, capacity 59744K, committed 59776K, reserved 1101824K
  class space    used 6546K, capacity 7546K, committed 7552K, reserved 1048576K
}
Event: 85.956 GC heap after
{Heap after GC invocations=115 (full 9):
 PSYoungGen      total 29696K, used 17900K [0x00000000eab00000, 0x00000000eea00000, 0x0000000100000000)
  eden space 11776K, 0% used [0x00000000eab00000,0x00000000eab00000,0x00000000eb680000)
  from space 17920K, 99% used [0x00000000ecd80000,0x00000000edefb2b8,0x00000000edf00000)
  to   space 23552K, 0% used [0x00000000eb680000,0x00000000eb680000,0x00000000ecd80000)
 ParOldGen       total 309760K, used 300632K [0x00000000c0000000, 0x00000000d2e80000, 0x00000000eab00000)
  object space 309760K, 97% used [0x00000000c0000000,0x00000000d25962f0,0x00000000d2e80000)
 Metaspace       used 56908K, capacity 59744K, committed 59776K, reserved 1101824K
  class space    used 6546K, capacity 7546K, committed 7552K, reserved 1048576K
}
Event: 86.049 GC heap before
{Heap before GC invocations=116 (full 9):
 PSYoungGen      total 29696K, used 29676K [0x00000000eab00000, 0x00000000eea00000, 0x0000000100000000)
  eden space 11776K, 100% used [0x00000000eab00000,0x00000000eb680000,0x00000000eb680000)
  from space 17920K, 99% used [0x00000000ecd80000,0x00000000edefb2b8,0x00000000edf00000)
  to   space 23552K, 0% used [0x00000000eb680000,0x00000000eb680000,0x00000000ecd80000)
 ParOldGen       total 309760K, used 300632K [0x00000000c0000000, 0x00000000d2e80000, 0x00000000eab00000)
  object space 309760K, 97% used [0x00000000c0000000,0x00000000d25962f0,0x00000000d2e80000)
 Metaspace       used 57004K, capacity 59890K, committed 60160K, reserved 1101824K
  class space    used 6556K, capacity 7553K, committed 7680K, reserved 1048576K
}
Event: 86.066 GC heap after
{Heap after GC invocations=116 (full 9):
 PSYoungGen      total 23552K, used 11659K [0x00000000eab00000, 0x00000000ed680000, 0x0000000100000000)
  eden space 11776K, 0% used [0x00000000eab00000,0x00000000eab00000,0x00000000eb680000)
  from space 11776K, 99% used [0x00000000eb680000,0x00000000ec1e2dd8,0x00000000ec200000)
  to   space 15872K, 0% used [0x00000000ec700000,0x00000000ec700000,0x00000000ed680000)
 ParOldGen       total 309760K, used 307671K [0x00000000c0000000, 0x00000000d2e80000, 0x00000000eab00000)
  object space 309760K, 99% used [0x00000000c0000000,0x00000000d2c75d10,0x00000000d2e80000)
 Metaspace       used 57004K, capacity 59890K, committed 60160K, reserved 1101824K
  class space    used 6556K, capacity 7553K, committed 7680K, reserved 1048576K
}
Event: 86.066 GC heap before
{Heap before GC invocations=117 (full 10):
 PSYoungGen      total 23552K, used 11659K [0x00000000eab00000, 0x00000000ed680000, 0x0000000100000000)
  eden space 11776K, 0% used [0x00000000eab00000,0x00000000eab00000,0x00000000eb680000)
  from space 11776K, 99% used [0x00000000eb680000,0x00000000ec1e2dd8,0x00000000ec200000)
  to   space 15872K, 0% used [0x00000000ec700000,0x00000000ec700000,0x00000000ed680000)
 ParOldGen       total 309760K, used 307671K [0x00000000c0000000, 0x00000000d2e80000, 0x00000000eab00000)
  object space 309760K, 99% used [0x00000000c0000000,0x00000000d2c75d10,0x00000000d2e80000)
 Metaspace       used 57004K, capacity 59890K, committed 60160K, reserved 1101824K
  class space    used 6556K, capacity 7553K, committed 7680K, reserved 1048576K
}
Event: 86.941 GC heap after
{Heap after GC invocations=117 (full 10):
 PSYoungGen      total 23552K, used 7947K [0x00000000eab00000, 0x00000000ed700000, 0x0000000100000000)
  eden space 11776K, 0% used [0x00000000eab00000,0x00000000eab00000,0x00000000eb680000)
  from space 11776K, 67% used [0x00000000eb680000,0x00000000ebe42d00,0x00000000ec200000)
  to   space 15872K, 0% used [0x00000000ec780000,0x00000000ec780000,0x00000000ed700000)
 ParOldGen       total 369152K, used 309306K [0x00000000c0000000, 0x00000000d6880000, 0x00000000eab00000)
  object space 369152K, 83% used [0x00000000c0000000,0x00000000d2e0eab8,0x00000000d6880000)
 Metaspace       used 57004K, capacity 59890K, committed 60160K, reserved 1101824K
  class space    used 6556K, capacity 7553K, committed 7680K, reserved 1048576K
}
Event: 87.137 GC heap before
{Heap before GC invocations=118 (full 10):
 PSYoungGen      total 23552K, used 19723K [0x00000000eab00000, 0x00000000ed700000, 0x0000000100000000)
  eden space 11776K, 100% used [0x00000000eab00000,0x00000000eb680000,0x00000000eb680000)
  from space 11776K, 67% used [0x00000000eb680000,0x00000000ebe42d00,0x00000000ec200000)
  to   space 15872K, 0% used [0x00000000ec780000,0x00000000ec780000,0x00000000ed700000)
 ParOldGen       total 369152K, used 309306K [0x00000000c0000000, 0x00000000d6880000, 0x00000000eab00000)
  object space 369152K, 83% used [0x00000000c0000000,0x00000000d2e0eab8,0x00000000d6880000)
 Metaspace       used 57901K, capacity 60857K, committed 60928K, reserved 1101824K
  class space    used 6644K, capacity 7635K, committed 7680K, reserved 1048576K
}
Event: 87.191 GC heap after
{Heap after GC invocations=118 (full 10):
 PSYoungGen      total 28672K, used 15540K [0x00000000eab00000, 0x00000000ed780000, 0x0000000100000000)
  eden space 12800K, 0% used [0x00000000eab00000,0x00000000eab00000,0x00000000eb780000)
  from space 15872K, 97% used [0x00000000ec780000,0x00000000ed6ad160,0x00000000ed700000)
  to   space 16384K, 0% used [0x00000000eb780000,0x00000000eb780000,0x00000000ec780000)
 ParOldGen       total 369152K, used 309306K [0x00000000c0000000, 0x00000000d6880000, 0x00000000eab00000)
  object space 369152K, 83% used [0x00000000c0000000,0x00000000d2e0eab8,0x00000000d6880000)
 Metaspace       used 57901K, capacity 60857K, committed 60928K, reserved 1101824K
  class space    used 6644K, capacity 7635K, committed 7680K, reserved 1048576K
}
Event: 87.372 GC heap before
{Heap before GC invocations=119 (full 10):
 PSYoungGen      total 28672K, used 27540K [0x00000000eab00000, 0x00000000ed780000, 0x0000000100000000)
  eden space 12800K, 93% used [0x00000000eab00000,0x00000000eb6b81c8,0x00000000eb780000)
  from space 15872K, 97% used [0x00000000ec780000,0x00000000ed6ad160,0x00000000ed700000)
  to   space 16384K, 0% used [0x00000000eb780000,0x00000000eb780000,0x00000000ec780000)
 ParOldGen       total 369152K, used 309306K [0x00000000c0000000, 0x00000000d6880000, 0x00000000eab00000)
  object space 369152K, 83% used [0x00000000c0000000,0x00000000d2e0eab8,0x00000000d6880000)
 Metaspace       used 58757K, capacity 61745K, committed 61824K, reserved 1103872K
  class space    used 6694K, capacity 7740K, committed 7808K, reserved 1048576K
}
Event: 87.398 GC heap after
{Heap after GC invocations=119 (full 10):
 PSYoungGen      total 29184K, used 16378K [0x00000000eab00000, 0x00000000ee780000, 0x0000000100000000)
  eden space 12800K, 0% used [0x00000000eab00000,0x00000000eab00000,0x00000000eb780000)
  from space 16384K, 99% used [0x00000000eb780000,0x00000000ec77eaf0,0x00000000ec780000)
  to   space 24064K, 0% used [0x00000000ed000000,0x00000000ed000000,0x00000000ee780000)
 ParOldGen       total 369152K, used 315546K [0x00000000c0000000, 0x00000000d6880000, 0x00000000eab00000)
  object space 369152K, 85% used [0x00000000c0000000,0x00000000d3426ab0,0x00000000d6880000)
 Metaspace       used 58757K, capacity 61745K, committed 61824K, reserved 1103872K
  class space    used 6694K, capacity 7740K, committed 7808K, reserved 1048576K
}
Event: 87.486 GC heap before
{Heap before GC invocations=120 (full 10):
 PSYoungGen      total 29184K, used 29178K [0x00000000eab00000, 0x00000000ee780000, 0x0000000100000000)
  eden space 12800K, 100% used [0x00000000eab00000,0x00000000eb780000,0x00000000eb780000)
  from space 16384K, 99% used [0x00000000eb780000,0x00000000ec77eaf0,0x00000000ec780000)
  to   space 24064K, 0% used [0x00000000ed000000,0x00000000ed000000,0x00000000ee780000)
 ParOldGen       total 369152K, used 323206K [0x00000000c0000000, 0x00000000d6880000, 0x00000000eab00000)
  object space 369152K, 87% used [0x00000000c0000000,0x00000000d3ba1bc0,0x00000000d6880000)
 Metaspace       used 59439K, capacity 62417K, committed 62592K, reserved 1103872K
  class space    used 6726K, capacity 7772K, committed 7808K, reserved 1048576K
}
Event: 87.502 GC heap after
{Heap after GC invocations=120 (full 10):
 PSYoungGen      total 29696K, used 15669K [0x00000000eab00000, 0x00000000edf80000, 0x0000000100000000)
  eden space 13824K, 0% used [0x00000000eab00000,0x00000000eab00000,0x00000000eb880000)
  from space 15872K, 98% used [0x00000000ed000000,0x00000000edf4d6d0,0x00000000edf80000)
  to   space 18432K, 0% used [0x00000000ebb80000,0x00000000ebb80000,0x00000000ecd80000)
 ParOldGen       total 369152K, used 325740K [0x00000000c0000000, 0x00000000d6880000, 0x00000000eab00000)
  object space 369152K, 88% used [0x00000000c0000000,0x00000000d3e1b228,0x00000000d6880000)
 Metaspace       used 59439K, capacity 62417K, committed 62592K, reserved 1103872K
  class space    used 6726K, capacity 7772K, committed 7808K, reserved 1048576K
}
Event: 87.697 GC heap before
{Heap before GC invocations=121 (full 10):
 PSYoungGen      total 29696K, used 29493K [0x00000000eab00000, 0x00000000edf80000, 0x0000000100000000)
  eden space 13824K, 100% used [0x00000000eab00000,0x00000000eb880000,0x00000000eb880000)
  from space 15872K, 98% used [0x00000000ed000000,0x00000000edf4d6d0,0x00000000edf80000)
  to   space 18432K, 0% used [0x00000000ebb80000,0x00000000ebb80000,0x00000000ecd80000)
 ParOldGen       total 369152K, used 363083K [0x00000000c0000000, 0x00000000d6880000, 0x00000000eab00000)
  object space 369152K, 98% used [0x00000000c0000000,0x00000000d6292d30,0x00000000d6880000)
 Metaspace       used 59767K, capacity 62773K, committed 62976K, reserved 1103872K
  class space    used 6772K, capacity 7825K, committed 7936K, reserved 1048576K
}
Event: 87.717 GC heap after
{Heap after GC invocations=121 (full 10):
 PSYoungGen      total 33792K, used 18418K [0x00000000eab00000, 0x00000000eea00000, 0x0000000100000000)
  eden space 15360K, 0% used [0x00000000eab00000,0x00000000eab00000,0x00000000eba00000)
  from space 18432K, 99% used [0x00000000ebb80000,0x00000000ecd7c910,0x00000000ecd80000)
  to   space 24576K, 0% used [0x00000000ed200000,0x00000000ed200000,0x00000000eea00000)
 ParOldGen       total 369152K, used 367783K [0x00000000c0000000, 0x00000000d6880000, 0x00000000eab00000)
  object space 369152K, 99% used [0x00000000c0000000,0x00000000d6729d28,0x00000000d6880000)
 Metaspace       used 59767K, capacity 62773K, committed 62976K, reserved 1103872K
  class space    used 6772K, capacity 7825K, committed 7936K, reserved 1048576K
}
Event: 87.717 GC heap before
{Heap before GC invocations=122 (full 11):
 PSYoungGen      total 33792K, used 18418K [0x00000000eab00000, 0x00000000eea00000, 0x0000000100000000)
  eden space 15360K, 0% used [0x00000000eab00000,0x00000000eab00000,0x00000000eba00000)
  from space 18432K, 99% used [0x00000000ebb80000,0x00000000ecd7c910,0x00000000ecd80000)
  to   space 24576K, 0% used [0x00000000ed200000,0x00000000ed200000,0x00000000eea00000)
 ParOldGen       total 369152K, used 367783K [0x00000000c0000000, 0x00000000d6880000, 0x00000000eab00000)
  object space 369152K, 99% used [0x00000000c0000000,0x00000000d6729d28,0x00000000d6880000)
 Metaspace       used 59767K, capacity 62773K, committed 62976K, reserved 1103872K
  class space    used 6772K, capacity 7825K, committed 7936K, reserved 1048576K
}

