# JRE version: OpenJDK Runtime Environment (8.0_242-b01) (build 1.8.0_242-release-1644-b01)
# Java VM: OpenJDK 64-Bit Server VM (25.242-b01 mixed mode windows-amd64 compressed oops)
Heap:
 PSYoungGen      total 157696K, used 37980K [0x00000000d5580000, 0x00000000e2980000, 0x0000000100000000)
  eden space 111616K, 0% used [0x00000000d5580000,0x00000000d5580000,0x00000000dc280000)
  from space 46080K, 82% used [0x00000000df380000,0x00000000e18971b8,0x00000000e2080000)
  to   space 50176K, 0% used [0x00000000dc280000,0x00000000dc280000,0x00000000df380000)
 ParOldGen       total 139776K, used 42996K [0x0000000080000000, 0x0000000088880000, 0x00000000d5580000)
  object space 139776K, 30% used [0x0000000080000000,0x00000000829fd3d0,0x0000000088880000)
 Metaspace       used 93854K, capacity 98435K, committed 98600K, reserved 1134592K
  class space    used 12436K, capacity 13352K, committed 13352K, reserved 1048576K
GC Heap History (10 events):
Event: 8290.597 GC heap after
Heap after GC invocations=25 (full 3):
 PSYoungGen      total 132096K, used 27108K [0x00000000d5580000, 0x00000000e0080000, 0x0000000100000000)
  eden space 104960K, 0% used [0x00000000d5580000,0x00000000d5580000,0x00000000dbc00000)
  from space 27136K, 99% used [0x00000000ddc80000,0x00000000df6f9268,0x00000000df700000)
  to   space 33280K, 0% used [0x00000000dbc00000,0x00000000dbc00000,0x00000000ddc80000)
 ParOldGen       total 139776K, used 39816K [0x0000000080000000, 0x0000000088880000, 0x00000000d5580000)
  object space 139776K, 28% used [0x0000000080000000,0x00000000826e2370,0x0000000088880000)
 Metaspace       used 79838K, capacity 83614K, committed 83880K, reserved 1122304K
  class space    used 10628K, capacity 11409K, committed 11432K, reserved 1048576K
}
Event: 8304.259 GC heap before
{Heap before GC invocations=26 (full 3):
 PSYoungGen      total 132096K, used 132068K [0x00000000d5580000, 0x00000000e0080000, 0x0000000100000000)
  eden space 104960K, 100% used [0x00000000d5580000,0x00000000dbc00000,0x00000000dbc00000)
  from space 27136K, 99% used [0x00000000ddc80000,0x00000000df6f9268,0x00000000df700000)
  to   space 33280K, 0% used [0x00000000dbc00000,0x00000000dbc00000,0x00000000ddc80000)
 ParOldGen       total 139776K, used 39816K [0x0000000080000000, 0x0000000088880000, 0x00000000d5580000)
  object space 139776K, 28% used [0x0000000080000000,0x00000000826e2370,0x0000000088880000)
 Metaspace       used 82867K, capacity 86720K, committed 86824K, reserved 1124352K
  class space    used 10956K, capacity 11746K, committed 11816K, reserved 1048576K
Event: 8304.360 GC heap after
Heap after GC invocations=26 (full 3):
 PSYoungGen      total 135680K, used 32444K [0x00000000d5580000, 0x00000000e0380000, 0x0000000100000000)
  eden space 102400K, 0% used [0x00000000d5580000,0x00000000d5580000,0x00000000db980000)
  from space 33280K, 97% used [0x00000000dbc00000,0x00000000ddbaf3b8,0x00000000ddc80000)
  to   space 37888K, 0% used [0x00000000dde80000,0x00000000dde80000,0x00000000e0380000)
 ParOldGen       total 139776K, used 39824K [0x0000000080000000, 0x0000000088880000, 0x00000000d5580000)
  object space 139776K, 28% used [0x0000000080000000,0x00000000826e4370,0x0000000088880000)
 Metaspace       used 82867K, capacity 86720K, committed 86824K, reserved 1124352K
  class space    used 10956K, capacity 11746K, committed 11816K, reserved 1048576K
}
Event: 8305.332 GC heap before
{Heap before GC invocations=27 (full 3):
 PSYoungGen      total 135680K, used 134844K [0x00000000d5580000, 0x00000000e0380000, 0x0000000100000000)
  eden space 102400K, 100% used [0x00000000d5580000,0x00000000db980000,0x00000000db980000)
  from space 33280K, 97% used [0x00000000dbc00000,0x00000000ddbaf3b8,0x00000000ddc80000)
  to   space 37888K, 0% used [0x00000000dde80000,0x00000000dde80000,0x00000000e0380000)
 ParOldGen       total 139776K, used 39824K [0x0000000080000000, 0x0000000088880000, 0x00000000d5580000)
  object space 139776K, 28% used [0x0000000080000000,0x00000000826e4370,0x0000000088880000)
 Metaspace       used 82872K, capacity 86720K, committed 86824K, reserved 1124352K
  class space    used 10956K, capacity 11746K, committed 11816K, reserved 1048576K
Event: 8305.379 GC heap after
Heap after GC invocations=27 (full 3):
 PSYoungGen      total 137216K, used 30285K [0x00000000d5580000, 0x00000000e2100000, 0x0000000100000000)
  eden space 99328K, 0% used [0x00000000d5580000,0x00000000d5580000,0x00000000db680000)
  from space 37888K, 79% used [0x00000000dde80000,0x00000000dfc13430,0x00000000e0380000)
  to   space 40960K, 0% used [0x00000000db680000,0x00000000db680000,0x00000000dde80000)
 ParOldGen       total 139776K, used 39832K [0x0000000080000000, 0x0000000088880000, 0x00000000d5580000)
  object space 139776K, 28% used [0x0000000080000000,0x00000000826e6370,0x0000000088880000)
 Metaspace       used 82872K, capacity 86720K, committed 86824K, reserved 1124352K
  class space    used 10956K, capacity 11746K, committed 11816K, reserved 1048576K
}
Event: 8316.130 GC heap before
{Heap before GC invocations=28 (full 3):
 PSYoungGen      total 137216K, used 129613K [0x00000000d5580000, 0x00000000e2100000, 0x0000000100000000)
  eden space 99328K, 100% used [0x00000000d5580000,0x00000000db680000,0x00000000db680000)
  from space 37888K, 79% used [0x00000000dde80000,0x00000000dfc13430,0x00000000e0380000)
  to   space 40960K, 0% used [0x00000000db680000,0x00000000db680000,0x00000000dde80000)
 ParOldGen       total 139776K, used 39832K [0x0000000080000000, 0x0000000088880000, 0x00000000d5580000)
  object space 139776K, 28% used [0x0000000080000000,0x00000000826e6370,0x0000000088880000)
 Metaspace       used 89477K, capacity 93630K, committed 93864K, reserved 1130496K
  class space    used 11800K, capacity 12669K, committed 12712K, reserved 1048576K
Event: 8316.185 GC heap after
Heap after GC invocations=28 (full 3):
 PSYoungGen      total 140288K, used 37405K [0x00000000d5580000, 0x00000000e2080000, 0x0000000100000000)
  eden space 99328K, 0% used [0x00000000d5580000,0x00000000d5580000,0x00000000db680000)
  from space 40960K, 91% used [0x00000000db680000,0x00000000ddb076d8,0x00000000dde80000)
  to   space 46080K, 0% used [0x00000000df380000,0x00000000df380000,0x00000000e2080000)
 ParOldGen       total 139776K, used 39840K [0x0000000080000000, 0x0000000088880000, 0x00000000d5580000)
  object space 139776K, 28% used [0x0000000080000000,0x00000000826e8370,0x0000000088880000)
 Metaspace       used 89477K, capacity 93630K, committed 93864K, reserved 1130496K
  class space    used 11800K, capacity 12669K, committed 12712K, reserved 1048576K
}
Event: 8321.252 GC heap before
{Heap before GC invocations=29 (full 3):
 PSYoungGen      total 140288K, used 103266K [0x00000000d5580000, 0x00000000e2080000, 0x0000000100000000)
  eden space 99328K, 66% used [0x00000000d5580000,0x00000000d95d1288,0x00000000db680000)
  from space 40960K, 91% used [0x00000000db680000,0x00000000ddb076d8,0x00000000dde80000)
  to   space 46080K, 0% used [0x00000000df380000,0x00000000df380000,0x00000000e2080000)
 ParOldGen       total 139776K, used 39840K [0x0000000080000000, 0x0000000088880000, 0x00000000d5580000)
  object space 139776K, 28% used [0x0000000080000000,0x00000000826e8370,0x0000000088880000)
 Metaspace       used 93854K, capacity 98435K, committed 98600K, reserved 1134592K
  class space    used 12436K, capacity 13352K, committed 13352K, reserved 1048576K
Event: 8321.352 GC heap after
Heap after GC invocations=29 (full 3):
 PSYoungGen      total 157696K, used 37980K [0x00000000d5580000, 0x00000000e2980000, 0x0000000100000000)
  eden space 111616K, 0% used [0x00000000d5580000,0x00000000d5580000,0x00000000dc280000)
  from space 46080K, 82% used [0x00000000df380000,0x00000000e18971b8,0x00000000e2080000)
  to   space 50176K, 0% used [0x00000000dc280000,0x00000000dc280000,0x00000000df380000)
 ParOldGen       total 139776K, used 42996K [0x0000000080000000, 0x0000000088880000, 0x00000000d5580000)
  object space 139776K, 30% used [0x0000000080000000,0x00000000829fd3d0,0x0000000088880000)
 Metaspace       used 93854K, capacity 98435K, committed 98600K, reserved 1134592K
  class space    used 12436K, capacity 13352K, committed 13352K, reserved 1048576K
}
Event: 8321.352 GC heap before
{Heap before GC invocations=30 (full 4):
 PSYoungGen      total 157696K, used 37980K [0x00000000d5580000, 0x00000000e2980000, 0x0000000100000000)
  eden space 111616K, 0% used [0x00000000d5580000,0x00000000d5580000,0x00000000dc280000)
  from space 46080K, 82% used [0x00000000df380000,0x00000000e18971b8,0x00000000e2080000)
  to   space 50176K, 0% used [0x00000000dc280000,0x00000000dc280000,0x00000000df380000)
 ParOldGen       total 139776K, used 42996K [0x0000000080000000, 0x0000000088880000, 0x00000000d5580000)
  object space 139776K, 30% used [0x0000000080000000,0x00000000829fd3d0,0x0000000088880000)
 Metaspace       used 93854K, capacity 98435K, committed 98600K, reserved 1134592K
  class space    used 12436K, capacity 13352K, committed 13352K, reserved 1048576K

